09:37:29.437 INFO - Launching a standalone Selenium Server
09:37:29.989 INFO - Java: "Oracle Corporation" 10.0.1+10
09:37:29.989 INFO - OS: Windows 10 10.0 amd64
09:37:30.062 INFO - v2.53.1, with Core v2.53.1. Built from revision a36b8b1
09:37:30.335 INFO - Driver class not found: com.opera.core.systems.OperaDriver
09:37:30.336 INFO - Driver provider com.opera.core.systems.OperaDriver is not registered
09:37:30.368 INFO - Driver provider org.openqa.selenium.safari.SafariDriver registration is skipped:
registration capabilities Capabilities [{browserName=safari, version=, platform=MAC}] does not match the current platform WIN10
09:37:30.370 INFO - Driver class not found: org.openqa.selenium.htmlunit.HtmlUnitDriver
09:37:30.371 INFO - Driver provider org.openqa.selenium.htmlunit.HtmlUnitDriver is not registered
09:37:31.173 INFO - RemoteWebDriver instances should connect to: http://127.0.0.1:4444/wd/hub
09:37:31.173 INFO - Selenium Server is up and running
09:37:32.461 INFO - Executing: [new session: Capabilities [{acceptSslCerts=true, name=1 General Tests, browserName=chrome, javascriptEnabled=true, platform=ANY}]])
09:37:33.008 INFO - Creating a new session for Capabilities [{acceptSslCerts=true, name=1 General Tests, browserName=chrome, javascriptEnabled=true, platform=ANY}]
Starting ChromeDriver 2.38.552522 (437e6fbedfa8762dec75e2c5b3ddb86763dc9dcb) on port 12418
Only local connections are allowed.
09:37:44.352 INFO - Done: [new session: Capabilities [{acceptSslCerts=true, name=1 General Tests, browserName=chrome, javascriptEnabled=true, platform=ANY}]]
09:37:44.457 INFO - Executing: [get: http://localhost:8080])
09:37:50.340 INFO - Done: [get: http://localhost:8080]
09:37:50.370 INFO - Executing: [set window size])
09:37:50.708 INFO - Done: [set window size]
09:37:50.740 INFO - Executing: [delete session: d4268146-389b-49aa-b5b4-5922d88d471d])
WARNING: An illegal reflective access operation has occurred
WARNING: Illegal reflective access by org.openqa.selenium.os.ProcessUtils (file:/C:/Users/212703693/Documents/Dev/Sprint%201/node-website/node_modules/selenium-server/lib/runner/selenium-server-standalone-2.53.1.jar) to field java.lang.ProcessImpl.handle
WARNING: Please consider reporting this to the maintainers of org.openqa.selenium.os.ProcessUtils
WARNING: Use --illegal-access=warn to enable warnings of further illegal reflective access operations
WARNING: All illegal access operations will be denied in a future release
09:37:55.081 INFO - Done: [delete session: d4268146-389b-49aa-b5b4-5922d88d471d]
